This is pdfTeX, Version 3.14159265-2.6-1.40.15 (TeX Live 2014) (preloaded format=pdflatex 2014.5.25)  4 JUN 2015 14:28
entering extended mode
 restricted \write18 enabled.
 file:line:error style messages enabled.
 %&-line parsing enabled.
**/Users/kathynorman/GitHub/Ucsc-clustering/report/finalreportJune.tex
(/Users/kathynorman/GitHub/Ucsc-clustering/report/finalreportJune.tex
LaTeX2e <2014/05/01>
Babel <3.9k> and hyphenation patterns for 78 languages loaded.
(/usr/local/texlive/2014/texmf-dist/tex/latex/base/article.cls
Document Class: article 2007/10/19 v1.4h Standard LaTeX document class
(/usr/local/texlive/2014/texmf-dist/tex/latex/base/size10.clo
File: size10.clo 2007/10/19 v1.4h Standard LaTeX file (size option)
)
\c@part=\count79
\c@section=\count80
\c@subsection=\count81
\c@subsubsection=\count82
\c@paragraph=\count83
\c@subparagraph=\count84
\c@figure=\count85
\c@table=\count86
\abovecaptionskip=\skip41
\belowcaptionskip=\skip42
\bibindent=\dimen102
)
(/usr/local/texlive/2014/texmf-dist/tex/latex/subfigure/subfigure.sty
Package: subfigure 2002/03/15 v2.1.5 subfigure package
\subfigtopskip=\skip43
\subfigcapskip=\skip44
\subfigcaptopadj=\dimen103
\subfigbottomskip=\skip45
\subfigcapmargin=\dimen104
\subfiglabelskip=\skip46
\c@subfigure=\count87
\c@lofdepth=\count88
\c@subtable=\count89
\c@lotdepth=\count90

****************************************
* Local config file subfigure.cfg used *
****************************************
(/usr/local/texlive/2014/texmf-dist/tex/latex/subfigure/subfigure.cfg)
\subfig@top=\skip47
\subfig@bottom=\skip48
)
(/usr/local/texlive/2014/texmf-dist/tex/latex/graphics/graphicx.sty
Package: graphicx 2014/04/25 v1.0g Enhanced LaTeX Graphics (DPC,SPQR)

(/usr/local/texlive/2014/texmf-dist/tex/latex/graphics/keyval.sty
Package: keyval 2014/05/08 v1.15 key=value parser (DPC)
\KV@toks@=\toks14
)
(/usr/local/texlive/2014/texmf-dist/tex/latex/graphics/graphics.sty
Package: graphics 2009/02/05 v1.0o Standard LaTeX Graphics (DPC,SPQR)

(/usr/local/texlive/2014/texmf-dist/tex/latex/graphics/trig.sty
Package: trig 1999/03/16 v1.09 sin cos tan (DPC)
)
(/usr/local/texlive/2014/texmf-dist/tex/latex/latexconfig/graphics.cfg
File: graphics.cfg 2010/04/23 v1.9 graphics configuration of TeX Live
)
Package graphics Info: Driver file: pdftex.def on input line 91.

(/usr/local/texlive/2014/texmf-dist/tex/latex/pdftex-def/pdftex.def
File: pdftex.def 2011/05/27 v0.06d Graphics/color for pdfTeX

(/usr/local/texlive/2014/texmf-dist/tex/generic/oberdiek/infwarerr.sty
Package: infwarerr 2010/04/08 v1.3 Providing info/warning/error messages (HO)
)
(/usr/local/texlive/2014/texmf-dist/tex/generic/oberdiek/ltxcmds.sty
Package: ltxcmds 2011/11/09 v1.22 LaTeX kernel commands for general use (HO)
)
\Gread@gobject=\count91
))
\Gin@req@height=\dimen105
\Gin@req@width=\dimen106
)
(/usr/local/texlive/2014/texmf-dist/tex/latex/amsfonts/amssymb.sty
Package: amssymb 2013/01/14 v3.01 AMS font symbols

(/usr/local/texlive/2014/texmf-dist/tex/latex/amsfonts/amsfonts.sty
Package: amsfonts 2013/01/14 v3.01 Basic AMSFonts support
\@emptytoks=\toks15
\symAMSa=\mathgroup4
\symAMSb=\mathgroup5
LaTeX Font Info:    Overwriting math alphabet `\mathfrak' in version `bold'
(Font)                  U/euf/m/n --> U/euf/b/n on input line 106.
))
(./finalreportJune.aux)
\openout1 = `finalreportJune.aux'.

LaTeX Font Info:    Checking defaults for OML/cmm/m/it on input line 8.
LaTeX Font Info:    ... okay on input line 8.
LaTeX Font Info:    Checking defaults for T1/cmr/m/n on input line 8.
LaTeX Font Info:    ... okay on input line 8.
LaTeX Font Info:    Checking defaults for OT1/cmr/m/n on input line 8.
LaTeX Font Info:    ... okay on input line 8.
LaTeX Font Info:    Checking defaults for OMS/cmsy/m/n on input line 8.
LaTeX Font Info:    ... okay on input line 8.
LaTeX Font Info:    Checking defaults for OMX/cmex/m/n on input line 8.
LaTeX Font Info:    ... okay on input line 8.
LaTeX Font Info:    Checking defaults for U/cmr/m/n on input line 8.
LaTeX Font Info:    ... okay on input line 8.

(/usr/local/texlive/2014/texmf-dist/tex/context/base/supp-pdf.mkii
[Loading MPS to PDF converter (version 2006.09.02).]
\scratchcounter=\count92
\scratchdimen=\dimen107
\scratchbox=\box26
\nofMPsegments=\count93
\nofMParguments=\count94
\everyMPshowfont=\toks16
\MPscratchCnt=\count95
\MPscratchDim=\dimen108
\MPnumerator=\count96
\makeMPintoPDFobject=\count97
\everyMPtoPDFconversion=\toks17
) (/usr/local/texlive/2014/texmf-dist/tex/generic/oberdiek/pdftexcmds.sty
Package: pdftexcmds 2011/11/29 v0.20 Utility functions of pdfTeX for LuaTeX (HO
)

(/usr/local/texlive/2014/texmf-dist/tex/generic/oberdiek/ifluatex.sty
Package: ifluatex 2010/03/01 v1.3 Provides the ifluatex switch (HO)
Package ifluatex Info: LuaTeX not detected.
)
(/usr/local/texlive/2014/texmf-dist/tex/generic/oberdiek/ifpdf.sty
Package: ifpdf 2011/01/30 v2.3 Provides the ifpdf switch (HO)
Package ifpdf Info: pdfTeX in PDF mode is detected.
)
Package pdftexcmds Info: LuaTeX not detected.
Package pdftexcmds Info: \pdf@primitive is available.
Package pdftexcmds Info: \pdf@ifprimitive is available.
Package pdftexcmds Info: \pdfdraftmode found.
)
(/usr/local/texlive/2014/texmf-dist/tex/latex/oberdiek/epstopdf-base.sty
Package: epstopdf-base 2010/02/09 v2.5 Base part for package epstopdf

(/usr/local/texlive/2014/texmf-dist/tex/latex/oberdiek/grfext.sty
Package: grfext 2010/08/19 v1.1 Manage graphics extensions (HO)

(/usr/local/texlive/2014/texmf-dist/tex/generic/oberdiek/kvdefinekeys.sty
Package: kvdefinekeys 2011/04/07 v1.3 Define keys (HO)
))
(/usr/local/texlive/2014/texmf-dist/tex/latex/oberdiek/kvoptions.sty
Package: kvoptions 2011/06/30 v3.11 Key value format for package options (HO)

(/usr/local/texlive/2014/texmf-dist/tex/generic/oberdiek/kvsetkeys.sty
Package: kvsetkeys 2012/04/25 v1.16 Key value parser (HO)

(/usr/local/texlive/2014/texmf-dist/tex/generic/oberdiek/etexcmds.sty
Package: etexcmds 2011/02/16 v1.5 Avoid name clashes with e-TeX commands (HO)
Package etexcmds Info: Could not find \expanded.
(etexcmds)             That can mean that you are not using pdfTeX 1.50 or
(etexcmds)             that some package has redefined \expanded.
(etexcmds)             In the latter case, load this package earlier.
)))
Package grfext Info: Graphics extension search list:
(grfext)             [.png,.pdf,.jpg,.mps,.jpeg,.jbig2,.jb2,.PNG,.PDF,.JPG,.JPE
G,.JBIG2,.JB2,.eps]
(grfext)             \AppendGraphicsExtensions on input line 452.

(/usr/local/texlive/2014/texmf-dist/tex/latex/latexconfig/epstopdf-sys.cfg
File: epstopdf-sys.cfg 2010/07/13 v1.3 Configuration of (r)epstopdf for TeX Liv
e
))
LaTeX Font Info:    Try loading font information for U+msa on input line 9.

(/usr/local/texlive/2014/texmf-dist/tex/latex/amsfonts/umsa.fd
File: umsa.fd 2013/01/14 v3.01 AMS symbols A
)
LaTeX Font Info:    Try loading font information for U+msb on input line 9.

(/usr/local/texlive/2014/texmf-dist/tex/latex/amsfonts/umsb.fd
File: umsb.fd 2013/01/14 v3.01 AMS symbols B
)
Overfull \hbox (10.2409pt too wide) in paragraph at lines 9--9
 [][] 
 []

[1

{/usr/local/texlive/2014/texmf-var/fonts/map/pdftex/updmap/pdftex.map}]
[2]
LaTeX Font Info:    Try loading font information for OMS+cmr on input line 41.
 (/usr/local/texlive/2014/texmf-dist/tex/latex/base/omscmr.fd
File: omscmr.fd 1999/05/25 v2.5h Standard LaTeX font definitions
)
LaTeX Font Info:    Font shape `OMS/cmr/m/n' in size <10> not available
(Font)              Font shape `OMS/cmsy/m/n' tried instead on input line 41.

Underfull \hbox (badness 10000) in paragraph at lines 54--55

 []

[3]
<../earthquakedata/output_plot/eq_ts_char.png, id=25, 889.6437pt x 569.4876pt>
File: ../earthquakedata/output_plot/eq_ts_char.png Graphic file (type png)

<use ../earthquakedata/output_plot/eq_ts_char.png>
Package pdftex.def Info: ../earthquakedata/output_plot/eq_ts_char.png used on i
nput line 92.
(pdftex.def)             Requested size: 341.5519pt x 218.64078pt.

<../demo/CompleteGrid.pdf, id=27, 1084.05pt x 686.565pt>
File: ../demo/CompleteGrid.pdf Graphic file (type pdf)

<use ../demo/CompleteGrid.pdf>
Package pdftex.def Info: ../demo/CompleteGrid.pdf used on input line 107.
(pdftex.def)             Requested size: 341.5519pt x 216.31102pt.
 [4] [5 <../earthquakedata/output_plot/eq_ts_char.png> <../demo/CompleteGrid.pd
f>]
<../task4/silhouette_score_plot_per_number_of_cluster(level=2).pdf, id=89, 578.
16pt x 433.62pt>
File: ../task4/silhouette_score_plot_per_number_of_cluster(level=2).pdf Graphic
 file (type pdf)

<use ../task4/silhouette_score_plot_per_number_of_cluster(level=2).pdf>
Package pdftex.def Info: ../task4/silhouette_score_plot_per_number_of_cluster(l
evel=2).pdf used on input line 120.
(pdftex.def)             Requested size: 169.0519pt x 126.78537pt.

<../task4/silhouette_score_plot_per_number_of_cluster(level=4).pdf, id=90, 578.
16pt x 433.62pt>
File: ../task4/silhouette_score_plot_per_number_of_cluster(level=4).pdf Graphic
 file (type pdf)

<use ../task4/silhouette_score_plot_per_number_of_cluster(level=4).pdf>
Package pdftex.def Info: ../task4/silhouette_score_plot_per_number_of_cluster(l
evel=4).pdf used on input line 121.
(pdftex.def)             Requested size: 169.0519pt x 126.78537pt.

<../task4/silhouette_score_plot_per_number_of_cluster(level=6).pdf, id=91, 578.
16pt x 433.62pt>
File: ../task4/silhouette_score_plot_per_number_of_cluster(level=6).pdf Graphic
 file (type pdf)

<use ../task4/silhouette_score_plot_per_number_of_cluster(level=6).pdf>
Package pdftex.def Info: ../task4/silhouette_score_plot_per_number_of_cluster(l
evel=6).pdf used on input line 122.
(pdftex.def)             Requested size: 169.0519pt x 126.78537pt.

<../task4/silhouette_score_plot_per_number_of_cluster(level=8).pdf, id=92, 578.
16pt x 433.62pt>
File: ../task4/silhouette_score_plot_per_number_of_cluster(level=8).pdf Graphic
 file (type pdf)

<use ../task4/silhouette_score_plot_per_number_of_cluster(level=8).pdf>
Package pdftex.def Info: ../task4/silhouette_score_plot_per_number_of_cluster(l
evel=8).pdf used on input line 123.
(pdftex.def)             Requested size: 169.0519pt x 126.78537pt.

<../task4/silhouette_score_plot_per_level_(clusters=2).pdf, id=93, 578.16pt x 4
33.62pt>
File: ../task4/silhouette_score_plot_per_level_(clusters=2).pdf Graphic file (t
ype pdf)
 <use ../task4/silhouette_score_plot_per_level_(clusters=2).pdf>
Package pdftex.def Info: ../task4/silhouette_score_plot_per_level_(clusters=2).
pdf used on input line 132.
(pdftex.def)             Requested size: 169.0519pt x 126.78537pt.

<../task4/silhouette_score_plot_per_level_(clusters=3).pdf, id=94, 578.16pt x 4
33.62pt>
File: ../task4/silhouette_score_plot_per_level_(clusters=3).pdf Graphic file (t
ype pdf)
 <use ../task4/silhouette_score_plot_per_level_(clusters=3).pdf>
Package pdftex.def Info: ../task4/silhouette_score_plot_per_level_(clusters=3).
pdf used on input line 133.
(pdftex.def)             Requested size: 169.0519pt x 126.78537pt.

<../task4/silhouette_score_plot_per_level_(clusters=4).pdf, id=95, 578.16pt x 4
33.62pt>
File: ../task4/silhouette_score_plot_per_level_(clusters=4).pdf Graphic file (t
ype pdf)
 <use ../task4/silhouette_score_plot_per_level_(clusters=4).pdf>
Package pdftex.def Info: ../task4/silhouette_score_plot_per_level_(clusters=4).
pdf used on input line 134.
(pdftex.def)             Requested size: 169.0519pt x 126.78537pt.

<../task4/silhouette_score_plot_per_level_(clusters=5).pdf, id=96, 578.16pt x 4
33.62pt>
File: ../task4/silhouette_score_plot_per_level_(clusters=5).pdf Graphic file (t
ype pdf)
 <use ../task4/silhouette_score_plot_per_level_(clusters=5).pdf>
Package pdftex.def Info: ../task4/silhouette_score_plot_per_level_(clusters=5).
pdf used on input line 135.
(pdftex.def)             Requested size: 169.0519pt x 126.78537pt.

<../task4/silhouette_score_plot_per_level_(clusters=6).pdf, id=97, 578.16pt x 4
33.62pt>
File: ../task4/silhouette_score_plot_per_level_(clusters=6).pdf Graphic file (t
ype pdf)
 <use ../task4/silhouette_score_plot_per_level_(clusters=6).pdf>
Package pdftex.def Info: ../task4/silhouette_score_plot_per_level_(clusters=6).
pdf used on input line 136.
(pdftex.def)             Requested size: 169.0519pt x 126.78537pt.

<../task4/silhouette_score_plot_per_level_(clusters=7).pdf, id=98, 578.16pt x 4
33.62pt>
File: ../task4/silhouette_score_plot_per_level_(clusters=7).pdf Graphic file (t
ype pdf)
 <use ../task4/silhouette_score_plot_per_level_(clusters=7).pdf>
Package pdftex.def Info: ../task4/silhouette_score_plot_per_level_(clusters=7).
pdf used on input line 137.
(pdftex.def)             Requested size: 169.0519pt x 126.78537pt.

<../task4/silhouette_score_plot_per_level_(clusters=8).pdf, id=99, 578.16pt x 4
33.62pt>
File: ../task4/silhouette_score_plot_per_level_(clusters=8).pdf Graphic file (t
ype pdf)
 <use ../task4/silhouette_score_plot_per_level_(clusters=8).pdf>
Package pdftex.def Info: ../task4/silhouette_score_plot_per_level_(clusters=8).
pdf used on input line 138.
(pdftex.def)             Requested size: 169.0519pt x 126.78537pt.

<../task4/silhouette_score_plot_per_level_(clusters=9).pdf, id=100, 578.16pt x 
433.62pt>
File: ../task4/silhouette_score_plot_per_level_(clusters=9).pdf Graphic file (t
ype pdf)
 <use ../task4/silhouette_score_plot_per_level_(clusters=9).pdf>
Package pdftex.def Info: ../task4/silhouette_score_plot_per_level_(clusters=9).
pdf used on input line 139.
(pdftex.def)             Requested size: 169.0519pt x 126.78537pt.


LaTeX Warning: Float too large for page by 66.03036pt on input line 142.

[6 <../task4/silhouette_score_plot_per_number_of_cluster(level=2).pdf> <../task
4/silhouette_score_plot_per_number_of_cluster(level=4).pdf

pdfTeX warning: pdflatex (file ../task4/silhouette_score_plot_per_number_of_clu
ster(level=4).pdf): PDF inclusion: multiple pdfs with page group included in a 
single page
> <../task4/silhouette_score_plot_per_number_of_cluster(level=6).pdf

pdfTeX warning: pdflatex (file ../task4/silhouette_score_plot_per_number_of_clu
ster(level=6).pdf): PDF inclusion: multiple pdfs with page group included in a 
single page
> <../task4/silhouette_score_plot_per_number_of_cluster(level=8).pdf

pdfTeX warning: pdflatex (file ../task4/silhouette_score_plot_per_number_of_clu
ster(level=8).pdf): PDF inclusion: multiple pdfs with page group included in a 
single page
>] [7 <../task4/silhouette_score_plot_per_level_(clusters=2).pdf> <../task4/sil
houette_score_plot_per_level_(clusters=3).pdf

pdfTeX warning: pdflatex (file ../task4/silhouette_score_plot_per_level_(cluste
rs=3).pdf): PDF inclusion: multiple pdfs with page group included in a single p
age
> <../task4/silhouette_score_plot_per_level_(clusters=4).pdf

pdfTeX warning: pdflatex (file ../task4/silhouette_score_plot_per_level_(cluste
rs=4).pdf): PDF inclusion: multiple pdfs with page group included in a single p
age
> <../task4/silhouette_score_plot_per_level_(clusters=5).pdf

pdfTeX warning: pdflatex (file ../task4/silhouette_score_plot_per_level_(cluste
rs=5).pdf): PDF inclusion: multiple pdfs with page group included in a single p
age
> <../task4/silhouette_score_plot_per_level_(clusters=6).pdf

pdfTeX warning: pdflatex (file ../task4/silhouette_score_plot_per_level_(cluste
rs=6).pdf): PDF inclusion: multiple pdfs with page group included in a single p
age
> <../task4/silhouette_score_plot_per_level_(clusters=7).pdf

pdfTeX warning: pdflatex (file ../task4/silhouette_score_plot_per_level_(cluste
rs=7).pdf): PDF inclusion: multiple pdfs with page group included in a single p
age
> <../task4/silhouette_score_plot_per_level_(clusters=8).pdf

pdfTeX warning: pdflatex (file ../task4/silhouette_score_plot_per_level_(cluste
rs=8).pdf): PDF inclusion: multiple pdfs with page group included in a single p
age
> <../task4/silhouette_score_plot_per_level_(clusters=9).pdf

pdfTeX warning: pdflatex (file ../task4/silhouette_score_plot_per_level_(cluste
rs=9).pdf): PDF inclusion: multiple pdfs with page group included in a single p
age
>]
<../earthquakedata/output_map_plot/grid(year=2010-2014,level=6,number_of_cluste
r=7).pdf, id=671, 578.16pt x 433.62pt>
File: ../earthquakedata/output_map_plot/grid(year=2010-2014,level=6,number_of_c
luster=7).pdf Graphic file (type pdf)

<use ../earthquakedata/output_map_plot/grid(year=2010-2014,level=6,number_of_cl
uster=7).pdf>
Package pdftex.def Info: ../earthquakedata/output_map_plot/grid(year=2010-2014,
level=6,number_of_cluster=7).pdf used on input line 156.
(pdftex.def)             Requested size: 341.5519pt x 256.1644pt.

<../earthquakedata/output_map_plot/Tectonic_plates_boundaries.png, id=672, 301.
125pt x 188.705pt>
File: ../earthquakedata/output_map_plot/Tectonic_plates_boundaries.png Graphic 
file (type png)

<use ../earthquakedata/output_map_plot/Tectonic_plates_boundaries.png>
Package pdftex.def Info: ../earthquakedata/output_map_plot/Tectonic_plates_boun
daries.png used on input line 163.
(pdftex.def)             Requested size: 341.5519pt x 214.06055pt.

<../earthquakedata/output_map_plot/MiniBatchKMeans(year=2010,level=6,number_of_
cluster=7).pdf, id=673, 578.16pt x 433.62pt>
File: ../earthquakedata/output_map_plot/MiniBatchKMeans(year=2010,level=6,numbe
r_of_cluster=7).pdf Graphic file (type pdf)

<use ../earthquakedata/output_map_plot/MiniBatchKMeans(year=2010,level=6,number
_of_cluster=7).pdf>
Package pdftex.def Info: ../earthquakedata/output_map_plot/MiniBatchKMeans(year
=2010,level=6,number_of_cluster=7).pdf used on input line 173.
(pdftex.def)             Requested size: 258.75pt x 194.06194pt.

<../earthquakedata/output_map_plot/MiniBatchKMeans(year=2013,level=6,number_of_
cluster=7).pdf, id=674, 578.16pt x 433.62pt>
File: ../earthquakedata/output_map_plot/MiniBatchKMeans(year=2013,level=6,numbe
r_of_cluster=7).pdf Graphic file (type pdf)

<use ../earthquakedata/output_map_plot/MiniBatchKMeans(year=2013,level=6,number
_of_cluster=7).pdf>
Package pdftex.def Info: ../earthquakedata/output_map_plot/MiniBatchKMeans(year
=2013,level=6,number_of_cluster=7).pdf used on input line 174.
(pdftex.def)             Requested size: 258.75pt x 194.06194pt.
 [8 <../earthquakedata/output_map_plot/grid(year=2010-2014,level=6,number_of_cl
uster=7).pdf>]
<../earthquakedata/output_plot/silhouette_score_plot_per_number_of_cluster(leve
l=2).pdf, id=710, 578.16pt x 433.62pt>
File: ../earthquakedata/output_plot/silhouette_score_plot_per_number_of_cluster
(level=2).pdf Graphic file (type pdf)

<use ../earthquakedata/output_plot/silhouette_score_plot_per_number_of_cluster(
level=2).pdf>
Package pdftex.def Info: ../earthquakedata/output_plot/silhouette_score_plot_pe
r_number_of_cluster(level=2).pdf used on input line 185.
(pdftex.def)             Requested size: 169.0519pt x 126.78537pt.

<../earthquakedata/output_plot/silhouette_score_plot_per_number_of_cluster(leve
l=4).pdf, id=711, 578.16pt x 433.62pt>
File: ../earthquakedata/output_plot/silhouette_score_plot_per_number_of_cluster
(level=4).pdf Graphic file (type pdf)

<use ../earthquakedata/output_plot/silhouette_score_plot_per_number_of_cluster(
level=4).pdf>
Package pdftex.def Info: ../earthquakedata/output_plot/silhouette_score_plot_pe
r_number_of_cluster(level=4).pdf used on input line 186.
(pdftex.def)             Requested size: 169.0519pt x 126.78537pt.

<../earthquakedata/output_plot/silhouette_score_plot_per_number_of_cluster(leve
l=6).pdf, id=712, 578.16pt x 433.62pt>
File: ../earthquakedata/output_plot/silhouette_score_plot_per_number_of_cluster
(level=6).pdf Graphic file (type pdf)

<use ../earthquakedata/output_plot/silhouette_score_plot_per_number_of_cluster(
level=6).pdf>
Package pdftex.def Info: ../earthquakedata/output_plot/silhouette_score_plot_pe
r_number_of_cluster(level=6).pdf used on input line 187.
(pdftex.def)             Requested size: 169.0519pt x 126.78537pt.

<../earthquakedata/output_plot/silhouette_score_plot_per_number_of_cluster(leve
l=8).pdf, id=713, 578.16pt x 433.62pt>
File: ../earthquakedata/output_plot/silhouette_score_plot_per_number_of_cluster
(level=8).pdf Graphic file (type pdf)

<use ../earthquakedata/output_plot/silhouette_score_plot_per_number_of_cluster(
level=8).pdf>
Package pdftex.def Info: ../earthquakedata/output_plot/silhouette_score_plot_pe
r_number_of_cluster(level=8).pdf used on input line 188.
(pdftex.def)             Requested size: 169.0519pt x 126.78537pt.

<../earthquakedata/output_plot/silhouette_score_plot_per_level_(clusters=2).pdf
, id=714, 578.16pt x 433.62pt>
File: ../earthquakedata/output_plot/silhouette_score_plot_per_level_(clusters=2
).pdf Graphic file (type pdf)

<use ../earthquakedata/output_plot/silhouette_score_plot_per_level_(clusters=2)
.pdf>
Package pdftex.def Info: ../earthquakedata/output_plot/silhouette_score_plot_pe
r_level_(clusters=2).pdf used on input line 197.
(pdftex.def)             Requested size: 169.0519pt x 126.78537pt.

<../earthquakedata/output_plot/silhouette_score_plot_per_level_(clusters=3).pdf
, id=715, 578.16pt x 433.62pt>
File: ../earthquakedata/output_plot/silhouette_score_plot_per_level_(clusters=3
).pdf Graphic file (type pdf)

<use ../earthquakedata/output_plot/silhouette_score_plot_per_level_(clusters=3)
.pdf>
Package pdftex.def Info: ../earthquakedata/output_plot/silhouette_score_plot_pe
r_level_(clusters=3).pdf used on input line 198.
(pdftex.def)             Requested size: 169.0519pt x 126.78537pt.

<../earthquakedata/output_plot/silhouette_score_plot_per_level_(clusters=4).pdf
, id=716, 578.16pt x 433.62pt>
File: ../earthquakedata/output_plot/silhouette_score_plot_per_level_(clusters=4
).pdf Graphic file (type pdf)

<use ../earthquakedata/output_plot/silhouette_score_plot_per_level_(clusters=4)
.pdf>
Package pdftex.def Info: ../earthquakedata/output_plot/silhouette_score_plot_pe
r_level_(clusters=4).pdf used on input line 199.
(pdftex.def)             Requested size: 169.0519pt x 126.78537pt.

<../earthquakedata/output_plot/silhouette_score_plot_per_level_(clusters=5).pdf
, id=717, 578.16pt x 433.62pt>
File: ../earthquakedata/output_plot/silhouette_score_plot_per_level_(clusters=5
).pdf Graphic file (type pdf)

<use ../earthquakedata/output_plot/silhouette_score_plot_per_level_(clusters=5)
.pdf>
Package pdftex.def Info: ../earthquakedata/output_plot/silhouette_score_plot_pe
r_level_(clusters=5).pdf used on input line 200.
(pdftex.def)             Requested size: 169.0519pt x 126.78537pt.

<../earthquakedata/output_plot/silhouette_score_plot_per_level_(clusters=6).pdf
, id=718, 578.16pt x 433.62pt>
File: ../earthquakedata/output_plot/silhouette_score_plot_per_level_(clusters=6
).pdf Graphic file (type pdf)

<use ../earthquakedata/output_plot/silhouette_score_plot_per_level_(clusters=6)
.pdf>
Package pdftex.def Info: ../earthquakedata/output_plot/silhouette_score_plot_pe
r_level_(clusters=6).pdf used on input line 201.
(pdftex.def)             Requested size: 169.0519pt x 126.78537pt.

<../earthquakedata/output_plot/silhouette_score_plot_per_level_(clusters=7).pdf
, id=719, 578.16pt x 433.62pt>
File: ../earthquakedata/output_plot/silhouette_score_plot_per_level_(clusters=7
).pdf Graphic file (type pdf)

<use ../earthquakedata/output_plot/silhouette_score_plot_per_level_(clusters=7)
.pdf>
Package pdftex.def Info: ../earthquakedata/output_plot/silhouette_score_plot_pe
r_level_(clusters=7).pdf used on input line 202.
(pdftex.def)             Requested size: 169.0519pt x 126.78537pt.

<../earthquakedata/output_plot/silhouette_score_plot_per_level_(clusters=8).pdf
, id=720, 578.16pt x 433.62pt>
File: ../earthquakedata/output_plot/silhouette_score_plot_per_level_(clusters=8
).pdf Graphic file (type pdf)

<use ../earthquakedata/output_plot/silhouette_score_plot_per_level_(clusters=8)
.pdf>
Package pdftex.def Info: ../earthquakedata/output_plot/silhouette_score_plot_pe
r_level_(clusters=8).pdf used on input line 203.
(pdftex.def)             Requested size: 169.0519pt x 126.78537pt.

<../earthquakedata/output_plot/silhouette_score_plot_per_level_(clusters=9).pdf
, id=721, 578.16pt x 433.62pt>
File: ../earthquakedata/output_plot/silhouette_score_plot_per_level_(clusters=9
).pdf Graphic file (type pdf)

<use ../earthquakedata/output_plot/silhouette_score_plot_per_level_(clusters=9)
.pdf>
Package pdftex.def Info: ../earthquakedata/output_plot/silhouette_score_plot_pe
r_level_(clusters=9).pdf used on input line 204.
(pdftex.def)             Requested size: 169.0519pt x 126.78537pt.


LaTeX Warning: Float too large for page by 78.03036pt on input line 207.

[9 <../earthquakedata/output_map_plot/Tectonic_plates_boundaries.png>] [10 <../
earthquakedata/output_map_plot/MiniBatchKMeans(year=2010,level=6,number_of_clus
ter=7).pdf> <../earthquakedata/output_map_plot/MiniBatchKMeans(year=2013,level=
6,number_of_cluster=7).pdf

pdfTeX warning: pdflatex (file ../earthquakedata/output_map_plot/MiniBatchKMean
s(year=2013,level=6,number_of_cluster=7).pdf): PDF inclusion: multiple pdfs wit
h page group included in a single page
>] [11 <../earthquakedata/output_plot/silhouette_score_plot_per_number_of_clust
er(level=2).pdf> <../earthquakedata/output_plot/silhouette_score_plot_per_numbe
r_of_cluster(level=4).pdf

pdfTeX warning: pdflatex (file ../earthquakedata/output_plot/silhouette_score_p
lot_per_number_of_cluster(level=4).pdf): PDF inclusion: multiple pdfs with page
 group included in a single page
> <../earthquakedata/output_plot/silhouette_score_plot_per_number_of_cluster(le
vel=6).pdf

pdfTeX warning: pdflatex (file ../earthquakedata/output_plot/silhouette_score_p
lot_per_number_of_cluster(level=6).pdf): PDF inclusion: multiple pdfs with page
 group included in a single page
> <../earthquakedata/output_plot/silhouette_score_plot_per_number_of_cluster(le
vel=8).pdf

pdfTeX warning: pdflatex (file ../earthquakedata/output_plot/silhouette_score_p
lot_per_number_of_cluster(level=8).pdf): PDF inclusion: multiple pdfs with page
 group included in a single page
>] [12 <../earthquakedata/output_plot/silhouette_score_plot_per_level_(clusters
=2).pdf> <../earthquakedata/output_plot/silhouette_score_plot_per_level_(cluste
rs=3).pdf

pdfTeX warning: pdflatex (file ../earthquakedata/output_plot/silhouette_score_p
lot_per_level_(clusters=3).pdf): PDF inclusion: multiple pdfs with page group i
ncluded in a single page
> <../earthquakedata/output_plot/silhouette_score_plot_per_level_(clusters=4).p
df

pdfTeX warning: pdflatex (file ../earthquakedata/output_plot/silhouette_score_p
lot_per_level_(clusters=4).pdf): PDF inclusion: multiple pdfs with page group i
ncluded in a single page
> <../earthquakedata/output_plot/silhouette_score_plot_per_level_(clusters=5).p
df

pdfTeX warning: pdflatex (file ../earthquakedata/output_plot/silhouette_score_p
lot_per_level_(clusters=5).pdf): PDF inclusion: multiple pdfs with page group i
ncluded in a single page
> <../earthquakedata/output_plot/silhouette_score_plot_per_level_(clusters=6).p
df

pdfTeX warning: pdflatex (file ../earthquakedata/output_plot/silhouette_score_p
lot_per_level_(clusters=6).pdf): PDF inclusion: multiple pdfs with page group i
ncluded in a single page
> <../earthquakedata/output_plot/silhouette_score_plot_per_level_(clusters=7).p
df

pdfTeX warning: pdflatex (file ../earthquakedata/output_plot/silhouette_score_p
lot_per_level_(clusters=7).pdf): PDF inclusion: multiple pdfs with page group i
ncluded in a single page
> <../earthquakedata/output_plot/silhouette_score_plot_per_level_(clusters=8).p
df

pdfTeX warning: pdflatex (file ../earthquakedata/output_plot/silhouette_score_p
lot_per_level_(clusters=8).pdf): PDF inclusion: multiple pdfs with page group i
ncluded in a single page
> <../earthquakedata/output_plot/silhouette_score_plot_per_level_(clusters=9).p
df

pdfTeX warning: pdflatex (file ../earthquakedata/output_plot/silhouette_score_p
lot_per_level_(clusters=9).pdf): PDF inclusion: multiple pdfs with page group i
ncluded in a single page
>]
<../earthquake-analysis/global-quake-summary.pdf, id=1381, 794.97pt x 614.295pt
>
File: ../earthquake-analysis/global-quake-summary.pdf Graphic file (type pdf)
 <use ../earthquake-analysis/global-quake-summary.pdf>
Package pdftex.def Info: ../earthquake-analysis/global-quake-summary.pdf used o
n input line 239.
(pdftex.def)             Requested size: 169.0519pt x 130.62735pt.

<../earthquake-analysis/usa-quakes-summary.pdf, id=1382, 794.97pt x 614.295pt>
File: ../earthquake-analysis/usa-quakes-summary.pdf Graphic file (type pdf)

<use ../earthquake-analysis/usa-quakes-summary.pdf>
Package pdftex.def Info: ../earthquake-analysis/usa-quakes-summary.pdf used on 
input line 240.
(pdftex.def)             Requested size: 169.0519pt x 130.62735pt.
 [13]
<../earthquake-analysis/usa-quakes-mtu-summary.pdf, id=1387, 794.97pt x 614.295
pt>
File: ../earthquake-analysis/usa-quakes-mtu-summary.pdf Graphic file (type pdf)

 <use ../earthquake-analysis/usa-quakes-mtu-summary.pdf>
Package pdftex.def Info: ../earthquake-analysis/usa-quakes-mtu-summary.pdf used
 on input line 254.
(pdftex.def)             Requested size: 169.0519pt x 130.62735pt.

<../earthquake-analysis/usa-utm.pdf, id=1388, 794.97pt x 614.295pt>
File: ../earthquake-analysis/usa-utm.pdf Graphic file (type pdf)

<use ../earthquake-analysis/usa-utm.pdf>
Package pdftex.def Info: ../earthquake-analysis/usa-utm.pdf used on input line 
255.
(pdftex.def)             Requested size: 169.0519pt x 130.62735pt.

<../earthquake-analysis/usa-quakes-cluster.pdf, id=1389, 794.97pt x 614.295pt>
File: ../earthquake-analysis/usa-quakes-cluster.pdf Graphic file (type pdf)

<use ../earthquake-analysis/usa-quakes-cluster.pdf>
Package pdftex.def Info: ../earthquake-analysis/usa-quakes-cluster.pdf used on 
input line 263.
(pdftex.def)             Requested size: 169.0519pt x 130.62735pt.
 [14 <../earthquake-analysis/global-quake-summary.pdf> <../earthquake-analysis/
usa-quakes-summary.pdf>]
[15 <../earthquake-analysis/usa-quakes-mtu-summary.pdf> <../earthquake-analysis
/usa-utm.pdf> <../earthquake-analysis/usa-quakes-cluster.pdf>] [16]
Underfull \hbox (badness 10000) in paragraph at lines 320--321
[]\OT1/cmr/m/n/10 Federal Re-serve Eco-nomic Data (FRED) ser-vice,
 []


Overfull \hbox (42.94817pt too wide) in paragraph at lines 322--323
[]\OT1/cmr/m/n/10 How Stuff Works \OT1/cmr/m/it/10 http://science.howstuffworks
.com/environmental/energy/hydraulic-
 []


Overfull \hbox (53.70938pt too wide) in paragraph at lines 328--329
[]\OT1/cmr/m/n/10 Wikipedia Frack-ing \OT1/cmr/m/it/10 http://en.wikipedia.org/
Hydraulic[]fracturing[]in[]the[]United[]States/\OT1/cmr/m/n/10 . 
 []


Overfull \hbox (106.49478pt too wide) in paragraph at lines 332--333
[]\OT1/cmr/m/n/10 California and Frack-ing \OT1/cmr/m/it/10 http://www.biologic
aldiversity.org/campaigns/california[]fracking/faq.html/\OT1/cmr/m/n/10 . 
 []


Underfull \hbox (badness 10000) in paragraph at lines 334--335
[]\OT1/cmr/m/n/10 Texas and Oak-la-homa have Frack-ing con-cerns
 []


Underfull \hbox (badness 10000) in paragraph at lines 334--335
\OT1/cmr/m/it/10 http://www.natlawreview.com/article/oklahoma-joins-texas-preve
nting-
 []


Overfull \hbox (25.71419pt too wide) in paragraph at lines 336--337
[]\OT1/cmr/m/n/10 Man made Earth-quakes \OT1/cmr/m/it/10 http://www.usgs.gov/bl
ogs/features/usgs[]top[]story/man-
 []

[17] [18] (./finalreportJune.aux) ) 
Here is how much of TeX's memory you used:
 2175 strings out of 493117
 38954 string characters out of 6135433
 85633 words of memory out of 5000000
 5587 multiletter control sequences out of 15000+600000
 12156 words of font info for 47 fonts, out of 8000000 for 9000
 1141 hyphenation exceptions out of 8191
 37i,12n,26p,1188b,294s stack positions out of 5000i,500n,10000p,200000b,80000s
</usr/local/texlive/2014/texmf-dist/fonts/ty
pe1/public/amsfonts/cm/cmbx10.pfb></usr/local/texlive/2014/texmf-dist/fonts/typ
e1/public/amsfonts/cm/cmbx12.pfb></usr/local/texlive/2014/texmf-dist/fonts/type
1/public/amsfonts/cm/cmex10.pfb></usr/local/texlive/2014/texmf-dist/fonts/type1
/public/amsfonts/cm/cmmi10.pfb></usr/local/texlive/2014/texmf-dist/fonts/type1/
public/amsfonts/cm/cmmi7.pfb></usr/local/texlive/2014/texmf-dist/fonts/type1/pu
blic/amsfonts/cm/cmr10.pfb></usr/local/texlive/2014/texmf-dist/fonts/type1/publ
ic/amsfonts/cm/cmr12.pfb></usr/local/texlive/2014/texmf-dist/fonts/type1/public
/amsfonts/cm/cmr17.pfb></usr/local/texlive/2014/texmf-dist/fonts/type1/public/a
msfonts/cm/cmr7.pfb></usr/local/texlive/2014/texmf-dist/fonts/type1/public/amsf
onts/cm/cmr8.pfb></usr/local/texlive/2014/texmf-dist/fonts/type1/public/amsfont
s/cm/cmss12.pfb></usr/local/texlive/2014/texmf-dist/fonts/type1/public/amsfonts
/cm/cmsy10.pfb></usr/local/texlive/2014/texmf-dist/fonts/type1/public/amsfonts/
cm/cmsy7.pfb></usr/local/texlive/2014/texmf-dist/fonts/type1/public/amsfonts/cm
/cmti10.pfb></usr/local/texlive/2014/texmf-dist/fonts/type1/public/amsfonts/sym
bols/msbm10.pfb>
Output written on finalreportJune.pdf (18 pages, 3172495 bytes).
PDF statistics:
 1613 PDF objects out of 1728 (max. 8388607)
 355 compressed objects within 4 object streams
 0 named destinations out of 1000 (max. 500000)
 176 words of extra memory for PDF output out of 10000 (max. 10000000)

